<?xml version="1.0" encoding="UTF-8"?>
<!-- Generated by org.testng.reporters.JUnitXMLReporter -->
<testsuite ignored="0" hostname="DESKTOP-8PNJ7K5" failures="0" tests="3" name="chrome" time="37.028" errors="0" timestamp="2025-02-09T19:11:02 IST">
  <testcase classname="MainTest.Homepagetest" name="verifyhomepage" time="10.301"/>
  <testcase classname="MainTest.Registractionprocesstest" name="userRegistrationprocesstest" time="3.077"/>
  <testcase classname="MainTest.Logintest" name="logintest" time="1.985"/>
</testsuite> <!-- chrome -->
