<?xml version="1.0" encoding="UTF-8"?>
<!-- Generated by org.testng.reporters.JUnitXMLReporter -->
<testsuite ignored="0" hostname="DESKTOP-8PNJ7K5" failures="0" tests="3" name="firefox" time="48.281" errors="0" timestamp="2025-02-09T19:11:13 IST">
  <testcase classname="MainTest.Homepagetest" name="verifyhomepage" time="4.851"/>
  <testcase classname="MainTest.Registractionprocesstest" name="userRegistrationprocesstest" time="2.075"/>
  <testcase classname="MainTest.Logintest" name="logintest" time="1.779"/>
</testsuite> <!-- firefox -->
