<?xml version="1.0" encoding="UTF-8"?>
<testng-results ignored="0" total="1" passed="1" failed="0" skipped="0">
  <reporter-output>
  </reporter-output>
  <suite started-at="2025-02-16T02:22:53 IST" name="Default suite" finished-at="2025-02-16T02:23:07 IST" duration-ms="14372">
    <groups>
      <group name="Master">
        <method signature="TransferFund.transferfund()[pri:0, instance:testCases.TransferFund@72e5a8e]" name="transferfund" class="testCases.TransferFund"/>
      </group> <!-- Master -->
      <group name="Regression">
        <method signature="TransferFund.transferfund()[pri:0, instance:testCases.TransferFund@72e5a8e]" name="transferfund" class="testCases.TransferFund"/>
      </group> <!-- Regression -->
    </groups>
    <test started-at="2025-02-16T02:22:53 IST" name="Default test" finished-at="2025-02-16T02:23:07 IST" duration-ms="14372">
      <class name="testCases.TransferFund">
        <test-method is-config="true" signature="setup()[pri:0, instance:testCases.TransferFund@72e5a8e]" started-at="2025-02-16T02:22:53 IST" name="setup" finished-at="2025-02-16T02:23:00 IST" duration-ms="7828" status="PASS">
          <reporter-output>
          </reporter-output>
        </test-method> <!-- setup -->
        <test-method signature="transferfund()[pri:0, instance:testCases.TransferFund@72e5a8e]" started-at="2025-02-16T02:23:00 IST" name="transferfund" finished-at="2025-02-16T02:23:07 IST" duration-ms="6354" status="PASS">
          <reporter-output>
          </reporter-output>
        </test-method> <!-- transferfund -->
        <test-method is-config="true" signature="teardown()[pri:0, instance:testCases.TransferFund@72e5a8e]" started-at="2025-02-16T02:23:07 IST" name="teardown" finished-at="2025-02-16T02:23:07 IST" duration-ms="145" status="PASS">
          <reporter-output>
          </reporter-output>
        </test-method> <!-- teardown -->
      </class> <!-- testCases.TransferFund -->
    </test> <!-- Default test -->
  </suite> <!-- Default suite -->
</testng-results>
